c:\users\tempadmin\documents\escuela\9 semestre\gráficas computacionales\robot\cg_demo\debug\vc140.pdb
c:\users\tempadmin\documents\escuela\9 semestre\gráficas computacionales\robot\cg_demo\debug\vc140.idb
c:\users\tempadmin\documents\escuela\9 semestre\gráficas computacionales\robot\cg_demo\debug\ankle.obj
c:\users\tempadmin\documents\escuela\9 semestre\gráficas computacionales\robot\cg_demo\debug\calf.obj
c:\users\tempadmin\documents\escuela\9 semestre\gráficas computacionales\robot\cg_demo\debug\gun.obj
c:\users\tempadmin\documents\escuela\9 semestre\gráficas computacionales\robot\cg_demo\debug\head.obj
c:\users\tempadmin\documents\escuela\9 semestre\gráficas computacionales\robot\cg_demo\debug\leg.obj
c:\users\tempadmin\documents\escuela\9 semestre\gráficas computacionales\robot\cg_demo\debug\cg_demo.obj
c:\users\tempadmin\documents\escuela\9 semestre\gráficas computacionales\robot\cg_demo\debug\cfoot.obj
c:\users\tempadmin\documents\escuela\9 semestre\gráficas computacionales\robot\cg_demo\debug\knee.obj
c:\users\tempadmin\documents\escuela\9 semestre\gráficas computacionales\robot\cg_demo\debug\thigh.obj
c:\users\tempadmin\documents\escuela\9 semestre\gráficas computacionales\robot\cg_demo\debug\union.obj
c:\users\tempadmin\documents\escuela\9 semestre\gráficas computacionales\robot\debug\cg_demo.ilk
c:\users\tempadmin\documents\escuela\9 semestre\gráficas computacionales\robot\debug\cg_demo.exe
c:\users\tempadmin\documents\escuela\9 semestre\gráficas computacionales\robot\debug\cg_demo.pdb
c:\users\tempadmin\documents\escuela\9 semestre\gráficas computacionales\robot\cg_demo\debug\cg_demo.tlog\cl.command.1.tlog
c:\users\tempadmin\documents\escuela\9 semestre\gráficas computacionales\robot\cg_demo\debug\cg_demo.tlog\cl.read.1.tlog
c:\users\tempadmin\documents\escuela\9 semestre\gráficas computacionales\robot\cg_demo\debug\cg_demo.tlog\cl.write.1.tlog
c:\users\tempadmin\documents\escuela\9 semestre\gráficas computacionales\robot\cg_demo\debug\cg_demo.tlog\link.command.1.tlog
c:\users\tempadmin\documents\escuela\9 semestre\gráficas computacionales\robot\cg_demo\debug\cg_demo.tlog\link.read.1.tlog
c:\users\tempadmin\documents\escuela\9 semestre\gráficas computacionales\robot\cg_demo\debug\cg_demo.tlog\link.write.1.tlog
